# JRE version: Java(TM) SE Runtime Environment (8.0_101-b13) (build 1.8.0_101-b13)
# Java VM: Java HotSpot(TM) 64-Bit Server VM (25.101-b13 mixed mode windows-amd64 compressed oops)
Heap:
 PSYoungGen      total 137216K, used 133669K [0x00000000d7500000, 0x00000000e1880000, 0x0000000100000000)
  eden space 125440K, 97% used [0x00000000d7500000,0x00000000dec8c548,0x00000000def80000)
  from space 11776K, 95% used [0x00000000e0d00000,0x00000000e17fd090,0x00000000e1880000)
  to   space 8704K, 0% used [0x00000000def80000,0x00000000def80000,0x00000000df800000)
 ParOldGen       total 72704K, used 13784K [0x0000000085e00000, 0x000000008a500000, 0x00000000d7500000)
  object space 72704K, 18% used [0x0000000085e00000,0x0000000086b76248,0x000000008a500000)
 Metaspace       used 49679K, capacity 53230K, committed 53248K, reserved 1095680K
  class space    used 6792K, capacity 7418K, committed 7424K, reserved 1048576K
GC Heap History (10 events):
Event: 3.793 GC heap before
{Heap before GC invocations=8 (full 1):
 PSYoungGen      total 119808K, used 119503K [0x00000000d7500000, 0x00000000e0080000, 0x0000000100000000)
  eden space 112128K, 100% used [0x00000000d7500000,0x00000000de280000,0x00000000de280000)
  from space 7680K, 96% used [0x00000000df900000,0x00000000e0033cc0,0x00000000e0080000)
  to   space 8704K, 0% used [0x00000000def80000,0x00000000def80000,0x00000000df800000)
 ParOldGen       total 47104K, used 5728K [0x0000000085e00000, 0x0000000088c00000, 0x00000000d7500000)
  object space 47104K, 12% used [0x0000000085e00000,0x00000000863980e0,0x0000000088c00000)
 Metaspace       used 30489K, capacity 32578K, committed 32896K, reserved 1077248K
  class space    used 3987K, capacity 4367K, committed 4480K, reserved 1048576K
Event: 3.804 GC heap after
Heap after GC invocations=8 (full 1):
 PSYoungGen      total 120832K, used 8696K [0x00000000d7500000, 0x00000000e0080000, 0x0000000100000000)
  eden space 112128K, 0% used [0x00000000d7500000,0x00000000d7500000,0x00000000de280000)
  from space 8704K, 99% used [0x00000000def80000,0x00000000df7fe3c0,0x00000000df800000)
  to   space 7680K, 0% used [0x00000000df900000,0x00000000df900000,0x00000000e0080000)
 ParOldGen       total 47104K, used 7728K [0x0000000085e00000, 0x0000000088c00000, 0x00000000d7500000)
  object space 47104K, 16% used [0x0000000085e00000,0x000000008658c398,0x0000000088c00000)
 Metaspace       used 30489K, capacity 32578K, committed 32896K, reserved 1077248K
  class space    used 3987K, capacity 4367K, committed 4480K, reserved 1048576K
}
Event: 4.306 GC heap before
{Heap before GC invocations=9 (full 1):
 PSYoungGen      total 120832K, used 55458K [0x00000000d7500000, 0x00000000e0080000, 0x0000000100000000)
  eden space 112128K, 41% used [0x00000000d7500000,0x00000000da2aa4f0,0x00000000de280000)
  from space 8704K, 99% used [0x00000000def80000,0x00000000df7fe3c0,0x00000000df800000)
  to   space 7680K, 0% used [0x00000000df900000,0x00000000df900000,0x00000000e0080000)
 ParOldGen       total 47104K, used 7728K [0x0000000085e00000, 0x0000000088c00000, 0x00000000d7500000)
  object space 47104K, 16% used [0x0000000085e00000,0x000000008658c398,0x0000000088c00000)
 Metaspace       used 33131K, capacity 35378K, committed 35496K, reserved 1079296K
  class space    used 4458K, capacity 4895K, committed 4992K, reserved 1048576K
Event: 4.314 GC heap after
Heap after GC invocations=9 (full 1):
 PSYoungGen      total 119808K, used 7678K [0x00000000d7500000, 0x00000000e0080000, 0x0000000100000000)
  eden space 112128K, 0% used [0x00000000d7500000,0x00000000d7500000,0x00000000de280000)
  from space 7680K, 99% used [0x00000000df900000,0x00000000e007f8f8,0x00000000e0080000)
  to   space 8704K, 0% used [0x00000000def80000,0x00000000def80000,0x00000000df800000)
 ParOldGen       total 47104K, used 8174K [0x0000000085e00000, 0x0000000088c00000, 0x00000000d7500000)
  object space 47104K, 17% used [0x0000000085e00000,0x00000000865fb9a8,0x0000000088c00000)
 Metaspace       used 33131K, capacity 35378K, committed 35496K, reserved 1079296K
  class space    used 4458K, capacity 4895K, committed 4992K, reserved 1048576K
}
Event: 4.314 GC heap before
{Heap before GC invocations=10 (full 2):
 PSYoungGen      total 119808K, used 7678K [0x00000000d7500000, 0x00000000e0080000, 0x0000000100000000)
  eden space 112128K, 0% used [0x00000000d7500000,0x00000000d7500000,0x00000000de280000)
  from space 7680K, 99% used [0x00000000df900000,0x00000000e007f8f8,0x00000000e0080000)
  to   space 8704K, 0% used [0x00000000def80000,0x00000000def80000,0x00000000df800000)
 ParOldGen       total 47104K, used 8174K [0x0000000085e00000, 0x0000000088c00000, 0x00000000d7500000)
  object space 47104K, 17% used [0x0000000085e00000,0x00000000865fb9a8,0x0000000088c00000)
 Metaspace       used 33131K, capacity 35378K, committed 35496K, reserved 1079296K
  class space    used 4458K, capacity 4895K, committed 4992K, reserved 1048576K
Event: 4.398 GC heap after
Heap after GC invocations=10 (full 2):
 PSYoungGen      total 119808K, used 0K [0x00000000d7500000, 0x00000000e0080000, 0x0000000100000000)
  eden space 112128K, 0% used [0x00000000d7500000,0x00000000d7500000,0x00000000de280000)
  from space 7680K, 0% used [0x00000000df900000,0x00000000df900000,0x00000000e0080000)
  to   space 8704K, 0% used [0x00000000def80000,0x00000000def80000,0x00000000df800000)
 ParOldGen       total 72704K, used 12754K [0x0000000085e00000, 0x000000008a500000, 0x00000000d7500000)
  object space 72704K, 17% used [0x0000000085e00000,0x0000000086a74898,0x000000008a500000)
 Metaspace       used 33131K, capacity 35378K, committed 35496K, reserved 1079296K
  class space    used 4458K, capacity 4895K, committed 4992K, reserved 1048576K
}
Event: 6.671 GC heap before
{Heap before GC invocations=11 (full 2):
 PSYoungGen      total 119808K, used 112128K [0x00000000d7500000, 0x00000000e0080000, 0x0000000100000000)
  eden space 112128K, 100% used [0x00000000d7500000,0x00000000de280000,0x00000000de280000)
  from space 7680K, 0% used [0x00000000df900000,0x00000000df900000,0x00000000e0080000)
  to   space 8704K, 0% used [0x00000000def80000,0x00000000def80000,0x00000000df800000)
 ParOldGen       total 72704K, used 12754K [0x0000000085e00000, 0x000000008a500000, 0x00000000d7500000)
  object space 72704K, 17% used [0x0000000085e00000,0x0000000086a74898,0x000000008a500000)
 Metaspace       used 42077K, capacity 44714K, committed 44928K, reserved 1087488K
  class space    used 5671K, capacity 6165K, committed 6272K, reserved 1048576K
Event: 6.679 GC heap after
Heap after GC invocations=11 (full 2):
 PSYoungGen      total 134144K, used 8697K [0x00000000d7500000, 0x00000000e1880000, 0x0000000100000000)
  eden space 125440K, 0% used [0x00000000d7500000,0x00000000d7500000,0x00000000def80000)
  from space 8704K, 99% used [0x00000000def80000,0x00000000df7fe7f8,0x00000000df800000)
  to   space 11776K, 0% used [0x00000000e0d00000,0x00000000e0d00000,0x00000000e1880000)
 ParOldGen       total 72704K, used 13776K [0x0000000085e00000, 0x000000008a500000, 0x00000000d7500000)
  object space 72704K, 18% used [0x0000000085e00000,0x0000000086b74248,0x000000008a500000)
 Metaspace       used 42077K, capacity 44714K, committed 44928K, reserved 1087488K
  class space    used 5671K, capacity 6165K, committed 6272K, reserved 1048576K
}
Event: 8.266 GC heap before
{Heap before GC invocations=12 (full 2):
 PSYoungGen      total 134144K, used 134137K [0x00000000d7500000, 0x00000000e1880000, 0x0000000100000000)
  eden space 125440K, 100% used [0x00000000d7500000,0x00000000def80000,0x00000000def80000)
  from space 8704K, 99% used [0x00000000def80000,0x00000000df7fe7f8,0x00000000df800000)
  to   space 11776K, 0% used [0x00000000e0d00000,0x00000000e0d00000,0x00000000e1880000)
 ParOldGen       total 72704K, used 13776K [0x0000000085e00000, 0x000000008a500000, 0x00000000d7500000)
  object space 72704K, 18% used [0x0000000085e00000,0x0000000086b74248,0x000000008a500000)
 Metaspace       used 45327K, capacity 48600K, committed 48768K, reserved 1091584K
  class space    used 6152K, capacity 6738K, committed 6784K, reserved 1048576K
Event: 8.277 GC heap after
Heap after GC invocations=12 (full 2):
 PSYoungGen      total 137216K, used 11252K [0x00000000d7500000, 0x00000000e1880000, 0x0000000100000000)
  eden space 125440K, 0% used [0x00000000d7500000,0x00000000d7500000,0x00000000def80000)
  from space 11776K, 95% used [0x00000000e0d00000,0x00000000e17fd090,0x00000000e1880000)
  to   space 8704K, 0% used [0x00000000def80000,0x00000000def80000,0x00000000df800000)
 ParOldGen       total 72704K, used 13784K [0x0000000085e00000, 0x000000008a500000, 0x00000000d7500000)
  object space 72704K, 18% used [0x0000000085e00000,0x0000000086b76248,0x000000008a500000)
 Metaspace       used 45327K, capacity 48600K, committed 48768K, reserved 1091584K
  class space    used 6152K, capacity 6738K, committed 6784K, reserved 1048576K
}

