# JRE version: Java(TM) SE Runtime Environment (8.0_101-b13) (build 1.8.0_101-b13)
# Java VM: Java HotSpot(TM) 64-Bit Server VM (25.101-b13 mixed mode windows-amd64 compressed oops)
Heap:
 PSYoungGen      total 134144K, used 62783K [0x00000000d7500000, 0x00000000e1580000, 0x0000000100000000)
  eden space 125440K, 43% used [0x00000000d7500000,0x00000000da9d4658,0x00000000def80000)
  from space 8704K, 99% used [0x00000000def80000,0x00000000df7fb630,0x00000000df800000)
  to   space 11264K, 0% used [0x00000000e0a80000,0x00000000e0a80000,0x00000000e1580000)
 ParOldGen       total 48128K, used 13504K [0x0000000085e00000, 0x0000000088d00000, 0x00000000d7500000)
  object space 48128K, 28% used [0x0000000085e00000,0x0000000086b303e8,0x0000000088d00000)
 Metaspace       used 43158K, capacity 45978K, committed 46080K, reserved 1089536K
  class space    used 5816K, capacity 6317K, committed 6400K, reserved 1048576K
GC Heap History (10 events):
Event: 2.710 GC heap before
{Heap before GC invocations=7 (full 1):
 PSYoungGen      total 68608K, used 63488K [0x00000000d7500000, 0x00000000e0100000, 0x0000000100000000)
  eden space 63488K, 100% used [0x00000000d7500000,0x00000000db300000,0x00000000db300000)
  from space 5120K, 0% used [0x00000000db300000,0x00000000db300000,0x00000000db800000)
  to   space 8192K, 0% used [0x00000000df900000,0x00000000df900000,0x00000000e0100000)
 ParOldGen       total 48128K, used 5806K [0x0000000085e00000, 0x0000000088d00000, 0x00000000d7500000)
  object space 48128K, 12% used [0x0000000085e00000,0x00000000863ab840,0x0000000088d00000)
 Metaspace       used 24532K, capacity 26316K, committed 26368K, reserved 1073152K
  class space    used 3198K, capacity 3540K, committed 3584K, reserved 1048576K
Event: 2.717 GC heap after
Heap after GC invocations=7 (full 1):
 PSYoungGen      total 118272K, used 7335K [0x00000000d7500000, 0x00000000e0080000, 0x0000000100000000)
  eden space 110592K, 0% used [0x00000000d7500000,0x00000000d7500000,0x00000000de100000)
  from space 7680K, 95% used [0x00000000df900000,0x00000000e0029c00,0x00000000e0080000)
  to   space 8704K, 0% used [0x00000000def80000,0x00000000def80000,0x00000000df800000)
 ParOldGen       total 48128K, used 5814K [0x0000000085e00000, 0x0000000088d00000, 0x00000000d7500000)
  object space 48128K, 12% used [0x0000000085e00000,0x00000000863ad840,0x0000000088d00000)
 Metaspace       used 24532K, capacity 26316K, committed 26368K, reserved 1073152K
  class space    used 3198K, capacity 3540K, committed 3584K, reserved 1048576K
}
Event: 3.908 GC heap before
{Heap before GC invocations=8 (full 1):
 PSYoungGen      total 118272K, used 117927K [0x00000000d7500000, 0x00000000e0080000, 0x0000000100000000)
  eden space 110592K, 100% used [0x00000000d7500000,0x00000000de100000,0x00000000de100000)
  from space 7680K, 95% used [0x00000000df900000,0x00000000e0029c00,0x00000000e0080000)
  to   space 8704K, 0% used [0x00000000def80000,0x00000000def80000,0x00000000df800000)
 ParOldGen       total 48128K, used 5814K [0x0000000085e00000, 0x0000000088d00000, 0x00000000d7500000)
  object space 48128K, 12% used [0x0000000085e00000,0x00000000863ad840,0x0000000088d00000)
 Metaspace       used 30524K, capacity 32594K, committed 32896K, reserved 1077248K
  class space    used 3997K, capacity 4371K, committed 4480K, reserved 1048576K
Event: 3.919 GC heap after
Heap after GC invocations=8 (full 1):
 PSYoungGen      total 119296K, used 8700K [0x00000000d7500000, 0x00000000e0080000, 0x0000000100000000)
  eden space 110592K, 0% used [0x00000000d7500000,0x00000000d7500000,0x00000000de100000)
  from space 8704K, 99% used [0x00000000def80000,0x00000000df7ff348,0x00000000df800000)
  to   space 7680K, 0% used [0x00000000df900000,0x00000000df900000,0x00000000e0080000)
 ParOldGen       total 48128K, used 7858K [0x0000000085e00000, 0x0000000088d00000, 0x00000000d7500000)
  object space 48128K, 16% used [0x0000000085e00000,0x00000000865ac9f8,0x0000000088d00000)
 Metaspace       used 30524K, capacity 32594K, committed 32896K, reserved 1077248K
  class space    used 3997K, capacity 4371K, committed 4480K, reserved 1048576K
}
Event: 4.429 GC heap before
{Heap before GC invocations=9 (full 1):
 PSYoungGen      total 119296K, used 53343K [0x00000000d7500000, 0x00000000e0080000, 0x0000000100000000)
  eden space 110592K, 40% used [0x00000000d7500000,0x00000000da0988d8,0x00000000de100000)
  from space 8704K, 99% used [0x00000000def80000,0x00000000df7ff348,0x00000000df800000)
  to   space 7680K, 0% used [0x00000000df900000,0x00000000df900000,0x00000000e0080000)
 ParOldGen       total 48128K, used 7858K [0x0000000085e00000, 0x0000000088d00000, 0x00000000d7500000)
  object space 48128K, 16% used [0x0000000085e00000,0x00000000865ac9f8,0x0000000088d00000)
 Metaspace       used 33128K, capacity 35382K, committed 35496K, reserved 1079296K
  class space    used 4457K, capacity 4895K, committed 4992K, reserved 1048576K
Event: 4.437 GC heap after
Heap after GC invocations=9 (full 1):
 PSYoungGen      total 118272K, used 7654K [0x00000000d7500000, 0x00000000e0080000, 0x0000000100000000)
  eden space 110592K, 0% used [0x00000000d7500000,0x00000000d7500000,0x00000000de100000)
  from space 7680K, 99% used [0x00000000df900000,0x00000000e0079b38,0x00000000e0080000)
  to   space 8704K, 0% used [0x00000000def80000,0x00000000def80000,0x00000000df800000)
 ParOldGen       total 48128K, used 8232K [0x0000000085e00000, 0x0000000088d00000, 0x00000000d7500000)
  object space 48128K, 17% used [0x0000000085e00000,0x000000008660a2d8,0x0000000088d00000)
 Metaspace       used 33128K, capacity 35382K, committed 35496K, reserved 1079296K
  class space    used 4457K, capacity 4895K, committed 4992K, reserved 1048576K
}
Event: 4.437 GC heap before
{Heap before GC invocations=10 (full 2):
 PSYoungGen      total 118272K, used 7654K [0x00000000d7500000, 0x00000000e0080000, 0x0000000100000000)
  eden space 110592K, 0% used [0x00000000d7500000,0x00000000d7500000,0x00000000de100000)
  from space 7680K, 99% used [0x00000000df900000,0x00000000e0079b38,0x00000000e0080000)
  to   space 8704K, 0% used [0x00000000def80000,0x00000000def80000,0x00000000df800000)
 ParOldGen       total 48128K, used 8232K [0x0000000085e00000, 0x0000000088d00000, 0x00000000d7500000)
  object space 48128K, 17% used [0x0000000085e00000,0x000000008660a2d8,0x0000000088d00000)
 Metaspace       used 33128K, capacity 35382K, committed 35496K, reserved 1079296K
  class space    used 4457K, capacity 4895K, committed 4992K, reserved 1048576K
Event: 4.515 GC heap after
Heap after GC invocations=10 (full 2):
 PSYoungGen      total 118272K, used 0K [0x00000000d7500000, 0x00000000e0080000, 0x0000000100000000)
  eden space 110592K, 0% used [0x00000000d7500000,0x00000000d7500000,0x00000000de100000)
  from space 7680K, 0% used [0x00000000df900000,0x00000000df900000,0x00000000e0080000)
  to   space 8704K, 0% used [0x00000000def80000,0x00000000def80000,0x00000000df800000)
 ParOldGen       total 48128K, used 12705K [0x0000000085e00000, 0x0000000088d00000, 0x00000000d7500000)
  object space 48128K, 26% used [0x0000000085e00000,0x0000000086a68408,0x0000000088d00000)
 Metaspace       used 33128K, capacity 35382K, committed 35496K, reserved 1079296K
  class space    used 4457K, capacity 4895K, committed 4992K, reserved 1048576K
}
Event: 6.787 GC heap before
{Heap before GC invocations=11 (full 2):
 PSYoungGen      total 118272K, used 110592K [0x00000000d7500000, 0x00000000e0080000, 0x0000000100000000)
  eden space 110592K, 100% used [0x00000000d7500000,0x00000000de100000,0x00000000de100000)
  from space 7680K, 0% used [0x00000000df900000,0x00000000df900000,0x00000000e0080000)
  to   space 8704K, 0% used [0x00000000def80000,0x00000000def80000,0x00000000df800000)
 ParOldGen       total 48128K, used 12705K [0x0000000085e00000, 0x0000000088d00000, 0x00000000d7500000)
  object space 48128K, 26% used [0x0000000085e00000,0x0000000086a68408,0x0000000088d00000)
 Metaspace       used 41779K, capacity 44446K, committed 44544K, reserved 1087488K
  class space    used 5632K, capacity 6123K, committed 6144K, reserved 1048576K
Event: 6.795 GC heap after
Heap after GC invocations=11 (full 2):
 PSYoungGen      total 134144K, used 8685K [0x00000000d7500000, 0x00000000e1580000, 0x0000000100000000)
  eden space 125440K, 0% used [0x00000000d7500000,0x00000000d7500000,0x00000000def80000)
  from space 8704K, 99% used [0x00000000def80000,0x00000000df7fb630,0x00000000df800000)
  to   space 11264K, 0% used [0x00000000e0a80000,0x00000000e0a80000,0x00000000e1580000)
 ParOldGen       total 48128K, used 13504K [0x0000000085e00000, 0x0000000088d00000, 0x00000000d7500000)
  object space 48128K, 28% used [0x0000000085e00000,0x0000000086b303e8,0x0000000088d00000)
 Metaspace       used 41779K, capacity 44446K, committed 44544K, reserved 1087488K
  class space    used 5632K, capacity 6123K, committed 6144K, reserved 1048576K
}

