# JRE version: Java(TM) SE Runtime Environment (8.0_101-b13) (build 1.8.0_101-b13)
# Java VM: Java HotSpot(TM) 64-Bit Server VM (25.101-b13 mixed mode windows-amd64 compressed oops)
Heap:
 PSYoungGen      total 134144K, used 83320K [0x00000000d7500000, 0x00000000e1280000, 0x0000000100000000)
  eden space 125440K, 59% used [0x00000000d7500000,0x00000000dbde2898,0x00000000def80000)
  from space 8704K, 99% used [0x00000000def80000,0x00000000df7fb788,0x00000000df800000)
  to   space 11264K, 0% used [0x00000000e0780000,0x00000000e0780000,0x00000000e1280000)
 ParOldGen       total 48128K, used 13403K [0x0000000085e00000, 0x0000000088d00000, 0x00000000d7500000)
  object space 48128K, 27% used [0x0000000085e00000,0x0000000086b16ea0,0x0000000088d00000)
 Metaspace       used 43560K, capacity 46726K, committed 46976K, reserved 1089536K
  class space    used 5904K, capacity 6499K, committed 6528K, reserved 1048576K
GC Heap History (10 events):
Event: 2.711 GC heap before
{Heap before GC invocations=7 (full 1):
 PSYoungGen      total 68608K, used 63488K [0x00000000d7500000, 0x00000000e0100000, 0x0000000100000000)
  eden space 63488K, 100% used [0x00000000d7500000,0x00000000db300000,0x00000000db300000)
  from space 5120K, 0% used [0x00000000db300000,0x00000000db300000,0x00000000db800000)
  to   space 8192K, 0% used [0x00000000df900000,0x00000000df900000,0x00000000e0100000)
 ParOldGen       total 48128K, used 5838K [0x0000000085e00000, 0x0000000088d00000, 0x00000000d7500000)
  object space 48128K, 12% used [0x0000000085e00000,0x00000000863b3bf8,0x0000000088d00000)
 Metaspace       used 24527K, capacity 26264K, committed 26368K, reserved 1073152K
  class space    used 3197K, capacity 3540K, committed 3584K, reserved 1048576K
Event: 2.719 GC heap after
Heap after GC invocations=7 (full 1):
 PSYoungGen      total 117248K, used 7292K [0x00000000d7500000, 0x00000000e0080000, 0x0000000100000000)
  eden space 109568K, 0% used [0x00000000d7500000,0x00000000d7500000,0x00000000de000000)
  from space 7680K, 94% used [0x00000000df900000,0x00000000e001f1b8,0x00000000e0080000)
  to   space 8704K, 0% used [0x00000000def80000,0x00000000def80000,0x00000000df800000)
 ParOldGen       total 48128K, used 5846K [0x0000000085e00000, 0x0000000088d00000, 0x00000000d7500000)
  object space 48128K, 12% used [0x0000000085e00000,0x00000000863b5bf8,0x0000000088d00000)
 Metaspace       used 24527K, capacity 26264K, committed 26368K, reserved 1073152K
  class space    used 3197K, capacity 3540K, committed 3584K, reserved 1048576K
}
Event: 3.886 GC heap before
{Heap before GC invocations=8 (full 1):
 PSYoungGen      total 117248K, used 116860K [0x00000000d7500000, 0x00000000e0080000, 0x0000000100000000)
  eden space 109568K, 100% used [0x00000000d7500000,0x00000000de000000,0x00000000de000000)
  from space 7680K, 94% used [0x00000000df900000,0x00000000e001f1b8,0x00000000e0080000)
  to   space 8704K, 0% used [0x00000000def80000,0x00000000def80000,0x00000000df800000)
 ParOldGen       total 48128K, used 5846K [0x0000000085e00000, 0x0000000088d00000, 0x00000000d7500000)
  object space 48128K, 12% used [0x0000000085e00000,0x00000000863b5bf8,0x0000000088d00000)
 Metaspace       used 30512K, capacity 32602K, committed 32896K, reserved 1077248K
  class space    used 3991K, capacity 4369K, committed 4480K, reserved 1048576K
Event: 3.899 GC heap after
Heap after GC invocations=8 (full 1):
 PSYoungGen      total 118272K, used 8678K [0x00000000d7500000, 0x00000000e0080000, 0x0000000100000000)
  eden space 109568K, 0% used [0x00000000d7500000,0x00000000d7500000,0x00000000de000000)
  from space 8704K, 99% used [0x00000000def80000,0x00000000df7f9aa8,0x00000000df800000)
  to   space 7680K, 0% used [0x00000000df900000,0x00000000df900000,0x00000000e0080000)
 ParOldGen       total 48128K, used 7931K [0x0000000085e00000, 0x0000000088d00000, 0x00000000d7500000)
  object space 48128K, 16% used [0x0000000085e00000,0x00000000865beeb8,0x0000000088d00000)
 Metaspace       used 30512K, capacity 32602K, committed 32896K, reserved 1077248K
  class space    used 3991K, capacity 4369K, committed 4480K, reserved 1048576K
}
Event: 4.435 GC heap before
{Heap before GC invocations=9 (full 1):
 PSYoungGen      total 118272K, used 54646K [0x00000000d7500000, 0x00000000e0080000, 0x0000000100000000)
  eden space 109568K, 41% used [0x00000000d7500000,0x00000000da1e4020,0x00000000de000000)
  from space 8704K, 99% used [0x00000000def80000,0x00000000df7f9aa8,0x00000000df800000)
  to   space 7680K, 0% used [0x00000000df900000,0x00000000df900000,0x00000000e0080000)
 ParOldGen       total 48128K, used 7931K [0x0000000085e00000, 0x0000000088d00000, 0x00000000d7500000)
  object space 48128K, 16% used [0x0000000085e00000,0x00000000865beeb8,0x0000000088d00000)
 Metaspace       used 33130K, capacity 35394K, committed 35496K, reserved 1079296K
  class space    used 4457K, capacity 4895K, committed 4992K, reserved 1048576K
Event: 4.443 GC heap after
Heap after GC invocations=9 (full 1):
 PSYoungGen      total 117248K, used 7652K [0x00000000d7500000, 0x00000000e0080000, 0x0000000100000000)
  eden space 109568K, 0% used [0x00000000d7500000,0x00000000d7500000,0x00000000de000000)
  from space 7680K, 99% used [0x00000000df900000,0x00000000e0079120,0x00000000e0080000)
  to   space 8704K, 0% used [0x00000000def80000,0x00000000def80000,0x00000000df800000)
 ParOldGen       total 48128K, used 8319K [0x0000000085e00000, 0x0000000088d00000, 0x00000000d7500000)
  object space 48128K, 17% used [0x0000000085e00000,0x000000008661fd78,0x0000000088d00000)
 Metaspace       used 33130K, capacity 35394K, committed 35496K, reserved 1079296K
  class space    used 4457K, capacity 4895K, committed 4992K, reserved 1048576K
}
Event: 4.443 GC heap before
{Heap before GC invocations=10 (full 2):
 PSYoungGen      total 117248K, used 7652K [0x00000000d7500000, 0x00000000e0080000, 0x0000000100000000)
  eden space 109568K, 0% used [0x00000000d7500000,0x00000000d7500000,0x00000000de000000)
  from space 7680K, 99% used [0x00000000df900000,0x00000000e0079120,0x00000000e0080000)
  to   space 8704K, 0% used [0x00000000def80000,0x00000000def80000,0x00000000df800000)
 ParOldGen       total 48128K, used 8319K [0x0000000085e00000, 0x0000000088d00000, 0x00000000d7500000)
  object space 48128K, 17% used [0x0000000085e00000,0x000000008661fd78,0x0000000088d00000)
 Metaspace       used 33130K, capacity 35394K, committed 35496K, reserved 1079296K
  class space    used 4457K, capacity 4895K, committed 4992K, reserved 1048576K
Event: 4.527 GC heap after
Heap after GC invocations=10 (full 2):
 PSYoungGen      total 117248K, used 0K [0x00000000d7500000, 0x00000000e0080000, 0x0000000100000000)
  eden space 109568K, 0% used [0x00000000d7500000,0x00000000d7500000,0x00000000de000000)
  from space 7680K, 0% used [0x00000000df900000,0x00000000df900000,0x00000000e0080000)
  to   space 8704K, 0% used [0x00000000def80000,0x00000000def80000,0x00000000df800000)
 ParOldGen       total 48128K, used 12712K [0x0000000085e00000, 0x0000000088d00000, 0x00000000d7500000)
  object space 48128K, 26% used [0x0000000085e00000,0x0000000086a6a088,0x0000000088d00000)
 Metaspace       used 33130K, capacity 35394K, committed 35496K, reserved 1079296K
  class space    used 4457K, capacity 4895K, committed 4992K, reserved 1048576K
}
Event: 6.798 GC heap before
{Heap before GC invocations=11 (full 2):
 PSYoungGen      total 117248K, used 109568K [0x00000000d7500000, 0x00000000e0080000, 0x0000000100000000)
  eden space 109568K, 100% used [0x00000000d7500000,0x00000000de000000,0x00000000de000000)
  from space 7680K, 0% used [0x00000000df900000,0x00000000df900000,0x00000000e0080000)
  to   space 8704K, 0% used [0x00000000def80000,0x00000000def80000,0x00000000df800000)
 ParOldGen       total 48128K, used 12712K [0x0000000085e00000, 0x0000000088d00000, 0x00000000d7500000)
  object space 48128K, 26% used [0x0000000085e00000,0x0000000086a6a088,0x0000000088d00000)
 Metaspace       used 41757K, capacity 44390K, committed 44544K, reserved 1087488K
  class space    used 5626K, capacity 6123K, committed 6144K, reserved 1048576K
Event: 6.808 GC heap after
Heap after GC invocations=11 (full 2):
 PSYoungGen      total 134144K, used 8685K [0x00000000d7500000, 0x00000000e1280000, 0x0000000100000000)
  eden space 125440K, 0% used [0x00000000d7500000,0x00000000d7500000,0x00000000def80000)
  from space 8704K, 99% used [0x00000000def80000,0x00000000df7fb788,0x00000000df800000)
  to   space 11264K, 0% used [0x00000000e0780000,0x00000000e0780000,0x00000000e1280000)
 ParOldGen       total 48128K, used 13403K [0x0000000085e00000, 0x0000000088d00000, 0x00000000d7500000)
  object space 48128K, 27% used [0x0000000085e00000,0x0000000086b16ea0,0x0000000088d00000)
 Metaspace       used 41757K, capacity 44390K, committed 44544K, reserved 1087488K
  class space    used 5626K, capacity 6123K, committed 6144K, reserved 1048576K
}

