# JRE version: Java(TM) SE Runtime Environment (8.0_101-b13) (build 1.8.0_101-b13)
# Java VM: Java HotSpot(TM) 64-Bit Server VM (25.101-b13 mixed mode windows-amd64 compressed oops)
Heap:
 PSYoungGen      total 197632K, used 27727K [0x00000000d7500000, 0x00000000e5700000, 0x0000000100000000)
  eden space 186880K, 9% used [0x00000000d7500000,0x00000000d8599870,0x00000000e2b80000)
  from space 10752K, 99% used [0x00000000e2b80000,0x00000000e35fa518,0x00000000e3600000)
  to   space 10752K, 0% used [0x00000000e3600000,0x00000000e3600000,0x00000000e4080000)
 ParOldGen       total 73216K, used 15537K [0x0000000085e00000, 0x000000008a580000, 0x00000000d7500000)
  object space 73216K, 21% used [0x0000000085e00000,0x0000000086d2c488,0x000000008a580000)
 Metaspace       used 44013K, capacity 47226K, committed 47360K, reserved 1089536K
  class space    used 5971K, capacity 6549K, committed 6656K, reserved 1048576K
GC Heap History (10 events):
Event: 2.520 GC heap before
{Heap before GC invocations=7 (full 1):
 PSYoungGen      total 68608K, used 63488K [0x00000000d7500000, 0x00000000e0100000, 0x0000000100000000)
  eden space 63488K, 100% used [0x00000000d7500000,0x00000000db300000,0x00000000db300000)
  from space 5120K, 0% used [0x00000000db300000,0x00000000db300000,0x00000000db800000)
  to   space 8192K, 0% used [0x00000000df900000,0x00000000df900000,0x00000000e0100000)
 ParOldGen       total 48128K, used 5889K [0x0000000085e00000, 0x0000000088d00000, 0x00000000d7500000)
  object space 48128K, 12% used [0x0000000085e00000,0x00000000863c0418,0x0000000088d00000)
 Metaspace       used 24546K, capacity 26316K, committed 26624K, reserved 1073152K
  class space    used 3199K, capacity 3540K, committed 3584K, reserved 1048576K
Event: 2.528 GC heap after
Heap after GC invocations=7 (full 1):
 PSYoungGen      total 118272K, used 7289K [0x00000000d7500000, 0x00000000e0080000, 0x0000000100000000)
  eden space 110592K, 0% used [0x00000000d7500000,0x00000000d7500000,0x00000000de100000)
  from space 7680K, 94% used [0x00000000df900000,0x00000000e001e550,0x00000000e0080000)
  to   space 8704K, 0% used [0x00000000def80000,0x00000000def80000,0x00000000df800000)
 ParOldGen       total 48128K, used 5897K [0x0000000085e00000, 0x0000000088d00000, 0x00000000d7500000)
  object space 48128K, 12% used [0x0000000085e00000,0x00000000863c2418,0x0000000088d00000)
 Metaspace       used 24546K, capacity 26316K, committed 26624K, reserved 1073152K
  class space    used 3199K, capacity 3540K, committed 3584K, reserved 1048576K
}
Event: 3.611 GC heap before
{Heap before GC invocations=8 (full 1):
 PSYoungGen      total 118272K, used 117881K [0x00000000d7500000, 0x00000000e0080000, 0x0000000100000000)
  eden space 110592K, 100% used [0x00000000d7500000,0x00000000de100000,0x00000000de100000)
  from space 7680K, 94% used [0x00000000df900000,0x00000000e001e550,0x00000000e0080000)
  to   space 8704K, 0% used [0x00000000def80000,0x00000000def80000,0x00000000df800000)
 ParOldGen       total 48128K, used 5897K [0x0000000085e00000, 0x0000000088d00000, 0x00000000d7500000)
  object space 48128K, 12% used [0x0000000085e00000,0x00000000863c2418,0x0000000088d00000)
 Metaspace       used 30528K, capacity 32590K, committed 32896K, reserved 1077248K
  class space    used 3996K, capacity 4371K, committed 4480K, reserved 1048576K
Event: 3.621 GC heap after
Heap after GC invocations=8 (full 1):
 PSYoungGen      total 134144K, used 8694K [0x00000000d7500000, 0x00000000e4080000, 0x0000000100000000)
  eden space 125440K, 0% used [0x00000000d7500000,0x00000000d7500000,0x00000000def80000)
  from space 8704K, 99% used [0x00000000def80000,0x00000000df7fdaa0,0x00000000df800000)
  to   space 10752K, 0% used [0x00000000e3600000,0x00000000e3600000,0x00000000e4080000)
 ParOldGen       total 48128K, used 7893K [0x0000000085e00000, 0x0000000088d00000, 0x00000000d7500000)
  object space 48128K, 16% used [0x0000000085e00000,0x00000000865b5520,0x0000000088d00000)
 Metaspace       used 30528K, capacity 32590K, committed 32896K, reserved 1077248K
  class space    used 3996K, capacity 4371K, committed 4480K, reserved 1048576K
}
Event: 4.092 GC heap before
{Heap before GC invocations=9 (full 1):
 PSYoungGen      total 134144K, used 52686K [0x00000000d7500000, 0x00000000e4080000, 0x0000000100000000)
  eden space 125440K, 35% used [0x00000000d7500000,0x00000000d9ff5ed0,0x00000000def80000)
  from space 8704K, 99% used [0x00000000def80000,0x00000000df7fdaa0,0x00000000df800000)
  to   space 10752K, 0% used [0x00000000e3600000,0x00000000e3600000,0x00000000e4080000)
 ParOldGen       total 48128K, used 7893K [0x0000000085e00000, 0x0000000088d00000, 0x00000000d7500000)
  object space 48128K, 16% used [0x0000000085e00000,0x00000000865b5520,0x0000000088d00000)
 Metaspace       used 33120K, capacity 35376K, committed 35496K, reserved 1079296K
  class space    used 4455K, capacity 4894K, committed 4992K, reserved 1048576K
Event: 4.103 GC heap after
Heap after GC invocations=9 (full 1):
 PSYoungGen      total 197632K, used 8056K [0x00000000d7500000, 0x00000000e5700000, 0x0000000100000000)
  eden space 186880K, 0% used [0x00000000d7500000,0x00000000d7500000,0x00000000e2b80000)
  from space 10752K, 74% used [0x00000000e3600000,0x00000000e3dde0e0,0x00000000e4080000)
  to   space 10752K, 0% used [0x00000000e2b80000,0x00000000e2b80000,0x00000000e3600000)
 ParOldGen       total 48128K, used 7901K [0x0000000085e00000, 0x0000000088d00000, 0x00000000d7500000)
  object space 48128K, 16% used [0x0000000085e00000,0x00000000865b7520,0x0000000088d00000)
 Metaspace       used 33120K, capacity 35376K, committed 35496K, reserved 1079296K
  class space    used 4455K, capacity 4894K, committed 4992K, reserved 1048576K
}
Event: 4.103 GC heap before
{Heap before GC invocations=10 (full 2):
 PSYoungGen      total 197632K, used 8056K [0x00000000d7500000, 0x00000000e5700000, 0x0000000100000000)
  eden space 186880K, 0% used [0x00000000d7500000,0x00000000d7500000,0x00000000e2b80000)
  from space 10752K, 74% used [0x00000000e3600000,0x00000000e3dde0e0,0x00000000e4080000)
  to   space 10752K, 0% used [0x00000000e2b80000,0x00000000e2b80000,0x00000000e3600000)
 ParOldGen       total 48128K, used 7901K [0x0000000085e00000, 0x0000000088d00000, 0x00000000d7500000)
  object space 48128K, 16% used [0x0000000085e00000,0x00000000865b7520,0x0000000088d00000)
 Metaspace       used 33120K, capacity 35376K, committed 35496K, reserved 1079296K
  class space    used 4455K, capacity 4894K, committed 4992K, reserved 1048576K
Event: 4.179 GC heap after
Heap after GC invocations=10 (full 2):
 PSYoungGen      total 197632K, used 0K [0x00000000d7500000, 0x00000000e5700000, 0x0000000100000000)
  eden space 186880K, 0% used [0x00000000d7500000,0x00000000d7500000,0x00000000e2b80000)
  from space 10752K, 0% used [0x00000000e3600000,0x00000000e3600000,0x00000000e4080000)
  to   space 10752K, 0% used [0x00000000e2b80000,0x00000000e2b80000,0x00000000e3600000)
 ParOldGen       total 73216K, used 12680K [0x0000000085e00000, 0x000000008a580000, 0x00000000d7500000)
  object space 73216K, 17% used [0x0000000085e00000,0x0000000086a62170,0x000000008a580000)
 Metaspace       used 33120K, capacity 35376K, committed 35496K, reserved 1079296K
  class space    used 4455K, capacity 4894K, committed 4992K, reserved 1048576K
}
Event: 7.557 GC heap before
{Heap before GC invocations=11 (full 2):
 PSYoungGen      total 197632K, used 186880K [0x00000000d7500000, 0x00000000e5700000, 0x0000000100000000)
  eden space 186880K, 100% used [0x00000000d7500000,0x00000000e2b80000,0x00000000e2b80000)
  from space 10752K, 0% used [0x00000000e3600000,0x00000000e3600000,0x00000000e4080000)
  to   space 10752K, 0% used [0x00000000e2b80000,0x00000000e2b80000,0x00000000e3600000)
 ParOldGen       total 73216K, used 12680K [0x0000000085e00000, 0x000000008a580000, 0x00000000d7500000)
  object space 73216K, 17% used [0x0000000085e00000,0x0000000086a62170,0x000000008a580000)
 Metaspace       used 43644K, capacity 46796K, committed 46976K, reserved 1089536K
  class space    used 5920K, capacity 6476K, committed 6528K, reserved 1048576K
Event: 7.571 GC heap after
Heap after GC invocations=11 (full 2):
 PSYoungGen      total 197632K, used 10729K [0x00000000d7500000, 0x00000000e5700000, 0x0000000100000000)
  eden space 186880K, 0% used [0x00000000d7500000,0x00000000d7500000,0x00000000e2b80000)
  from space 10752K, 99% used [0x00000000e2b80000,0x00000000e35fa518,0x00000000e3600000)
  to   space 10752K, 0% used [0x00000000e3600000,0x00000000e3600000,0x00000000e4080000)
 ParOldGen       total 73216K, used 15537K [0x0000000085e00000, 0x000000008a580000, 0x00000000d7500000)
  object space 73216K, 21% used [0x0000000085e00000,0x0000000086d2c488,0x000000008a580000)
 Metaspace       used 43644K, capacity 46796K, committed 46976K, reserved 1089536K
  class space    used 5920K, capacity 6476K, committed 6528K, reserved 1048576K
}

