# JRE version: Java(TM) SE Runtime Environment (8.0_101-b13) (build 1.8.0_101-b13)
# Java VM: Java HotSpot(TM) 64-Bit Server VM (25.101-b13 mixed mode windows-amd64 compressed oops)
Heap:
 PSYoungGen      total 193536K, used 25716K [0x00000000d7500000, 0x00000000e5400000, 0x0000000100000000)
  eden space 182784K, 8% used [0x00000000d7500000,0x00000000d839f770,0x00000000e2780000)
  from space 10752K, 99% used [0x00000000e3200000,0x00000000e3c7da80,0x00000000e3c80000)
  to   space 10752K, 0% used [0x00000000e2780000,0x00000000e2780000,0x00000000e3200000)
 ParOldGen       total 48640K, used 19529K [0x0000000085e00000, 0x0000000088d80000, 0x00000000d7500000)
  object space 48640K, 40% used [0x0000000085e00000,0x0000000087112710,0x0000000088d80000)
 Metaspace       used 51864K, capacity 55486K, committed 55680K, reserved 1097728K
  class space    used 7038K, capacity 7690K, committed 7808K, reserved 1048576K
GC Heap History (10 events):
Event: 3.743 GC heap before
{Heap before GC invocations=8 (full 1):
 PSYoungGen      total 116736K, used 116459K [0x00000000d7500000, 0x00000000e0080000, 0x0000000100000000)
  eden space 109056K, 100% used [0x00000000d7500000,0x00000000ddf80000,0x00000000ddf80000)
  from space 7680K, 96% used [0x00000000df900000,0x00000000e003acb8,0x00000000e0080000)
  to   space 8704K, 0% used [0x00000000def80000,0x00000000def80000,0x00000000df800000)
 ParOldGen       total 48640K, used 5794K [0x0000000085e00000, 0x0000000088d80000, 0x00000000d7500000)
  object space 48640K, 11% used [0x0000000085e00000,0x00000000863a8ad8,0x0000000088d80000)
 Metaspace       used 30474K, capacity 32582K, committed 32896K, reserved 1077248K
  class space    used 3985K, capacity 4367K, committed 4480K, reserved 1048576K
Event: 3.754 GC heap after
Heap after GC invocations=8 (full 1):
 PSYoungGen      total 134144K, used 8678K [0x00000000d7500000, 0x00000000e3c80000, 0x0000000100000000)
  eden space 125440K, 0% used [0x00000000d7500000,0x00000000d7500000,0x00000000def80000)
  from space 8704K, 99% used [0x00000000def80000,0x00000000df7f98b0,0x00000000df800000)
  to   space 10752K, 0% used [0x00000000e3200000,0x00000000e3200000,0x00000000e3c80000)
 ParOldGen       total 48640K, used 7710K [0x0000000085e00000, 0x0000000088d80000, 0x00000000d7500000)
  object space 48640K, 15% used [0x0000000085e00000,0x00000000865879d8,0x0000000088d80000)
 Metaspace       used 30474K, capacity 32582K, committed 32896K, reserved 1077248K
  class space    used 3985K, capacity 4367K, committed 4480K, reserved 1048576K
}
Event: 4.267 GC heap before
{Heap before GC invocations=9 (full 1):
 PSYoungGen      total 134144K, used 55474K [0x00000000d7500000, 0x00000000e3c80000, 0x0000000100000000)
  eden space 125440K, 37% used [0x00000000d7500000,0x00000000da2b31c0,0x00000000def80000)
  from space 8704K, 99% used [0x00000000def80000,0x00000000df7f98b0,0x00000000df800000)
  to   space 10752K, 0% used [0x00000000e3200000,0x00000000e3200000,0x00000000e3c80000)
 ParOldGen       total 48640K, used 7710K [0x0000000085e00000, 0x0000000088d80000, 0x00000000d7500000)
  object space 48640K, 15% used [0x0000000085e00000,0x00000000865879d8,0x0000000088d80000)
 Metaspace       used 33117K, capacity 35380K, committed 35496K, reserved 1079296K
  class space    used 4454K, capacity 4894K, committed 4992K, reserved 1048576K
Event: 4.276 GC heap after
Heap after GC invocations=9 (full 1):
 PSYoungGen      total 193536K, used 8065K [0x00000000d7500000, 0x00000000e5400000, 0x0000000100000000)
  eden space 182784K, 0% used [0x00000000d7500000,0x00000000d7500000,0x00000000e2780000)
  from space 10752K, 75% used [0x00000000e3200000,0x00000000e39e0400,0x00000000e3c80000)
  to   space 10752K, 0% used [0x00000000e2780000,0x00000000e2780000,0x00000000e3200000)
 ParOldGen       total 48640K, used 7718K [0x0000000085e00000, 0x0000000088d80000, 0x00000000d7500000)
  object space 48640K, 15% used [0x0000000085e00000,0x00000000865899d8,0x0000000088d80000)
 Metaspace       used 33117K, capacity 35380K, committed 35496K, reserved 1079296K
  class space    used 4454K, capacity 4894K, committed 4992K, reserved 1048576K
}
Event: 4.276 GC heap before
{Heap before GC invocations=10 (full 2):
 PSYoungGen      total 193536K, used 8065K [0x00000000d7500000, 0x00000000e5400000, 0x0000000100000000)
  eden space 182784K, 0% used [0x00000000d7500000,0x00000000d7500000,0x00000000e2780000)
  from space 10752K, 75% used [0x00000000e3200000,0x00000000e39e0400,0x00000000e3c80000)
  to   space 10752K, 0% used [0x00000000e2780000,0x00000000e2780000,0x00000000e3200000)
 ParOldGen       total 48640K, used 7718K [0x0000000085e00000, 0x0000000088d80000, 0x00000000d7500000)
  object space 48640K, 15% used [0x0000000085e00000,0x00000000865899d8,0x0000000088d80000)
 Metaspace       used 33117K, capacity 35380K, committed 35496K, reserved 1079296K
  class space    used 4454K, capacity 4894K, committed 4992K, reserved 1048576K
Event: 4.355 GC heap after
Heap after GC invocations=10 (full 2):
 PSYoungGen      total 193536K, used 0K [0x00000000d7500000, 0x00000000e5400000, 0x0000000100000000)
  eden space 182784K, 0% used [0x00000000d7500000,0x00000000d7500000,0x00000000e2780000)
  from space 10752K, 0% used [0x00000000e3200000,0x00000000e3200000,0x00000000e3c80000)
  to   space 10752K, 0% used [0x00000000e2780000,0x00000000e2780000,0x00000000e3200000)
 ParOldGen       total 48640K, used 12738K [0x0000000085e00000, 0x0000000088d80000, 0x00000000d7500000)
  object space 48640K, 26% used [0x0000000085e00000,0x0000000086a70870,0x0000000088d80000)
 Metaspace       used 33117K, capacity 35380K, committed 35496K, reserved 1079296K
  class space    used 4454K, capacity 4894K, committed 4992K, reserved 1048576K
}
Event: 7.750 GC heap before
{Heap before GC invocations=11 (full 2):
 PSYoungGen      total 193536K, used 182784K [0x00000000d7500000, 0x00000000e5400000, 0x0000000100000000)
  eden space 182784K, 100% used [0x00000000d7500000,0x00000000e2780000,0x00000000e2780000)
  from space 10752K, 0% used [0x00000000e3200000,0x00000000e3200000,0x00000000e3c80000)
  to   space 10752K, 0% used [0x00000000e2780000,0x00000000e2780000,0x00000000e3200000)
 ParOldGen       total 48640K, used 12738K [0x0000000085e00000, 0x0000000088d80000, 0x00000000d7500000)
  object space 48640K, 26% used [0x0000000085e00000,0x0000000086a70870,0x0000000088d80000)
 Metaspace       used 43532K, capacity 46662K, committed 46976K, reserved 1089536K
  class space    used 5896K, capacity 6463K, committed 6528K, reserved 1048576K
Event: 7.769 GC heap after
Heap after GC invocations=11 (full 2):
 PSYoungGen      total 193536K, used 10733K [0x00000000d7500000, 0x00000000e5400000, 0x0000000100000000)
  eden space 182784K, 0% used [0x00000000d7500000,0x00000000d7500000,0x00000000e2780000)
  from space 10752K, 99% used [0x00000000e2780000,0x00000000e31fb728,0x00000000e3200000)
  to   space 10752K, 0% used [0x00000000e3200000,0x00000000e3200000,0x00000000e3c80000)
 ParOldGen       total 48640K, used 15199K [0x0000000085e00000, 0x0000000088d80000, 0x00000000d7500000)
  object space 48640K, 31% used [0x0000000085e00000,0x0000000086cd7ca8,0x0000000088d80000)
 Metaspace       used 43532K, capacity 46662K, committed 46976K, reserved 1089536K
  class space    used 5896K, capacity 6463K, committed 6528K, reserved 1048576K
}
Event: 9.192 GC heap before
{Heap before GC invocations=12 (full 2):
 PSYoungGen      total 193536K, used 193517K [0x00000000d7500000, 0x00000000e5400000, 0x0000000100000000)
  eden space 182784K, 100% used [0x00000000d7500000,0x00000000e2780000,0x00000000e2780000)
  from space 10752K, 99% used [0x00000000e2780000,0x00000000e31fb728,0x00000000e3200000)
  to   space 10752K, 0% used [0x00000000e3200000,0x00000000e3200000,0x00000000e3c80000)
 ParOldGen       total 48640K, used 15199K [0x0000000085e00000, 0x0000000088d80000, 0x00000000d7500000)
  object space 48640K, 31% used [0x0000000085e00000,0x0000000086cd7ca8,0x0000000088d80000)
 Metaspace       used 49781K, capacity 53294K, committed 53504K, reserved 1095680K
  class space    used 6809K, capacity 7418K, committed 7424K, reserved 1048576K
Event: 9.206 GC heap after
Heap after GC invocations=12 (full 2):
 PSYoungGen      total 193536K, used 10742K [0x00000000d7500000, 0x00000000e5400000, 0x0000000100000000)
  eden space 182784K, 0% used [0x00000000d7500000,0x00000000d7500000,0x00000000e2780000)
  from space 10752K, 99% used [0x00000000e3200000,0x00000000e3c7da80,0x00000000e3c80000)
  to   space 10752K, 0% used [0x00000000e2780000,0x00000000e2780000,0x00000000e3200000)
 ParOldGen       total 48640K, used 19529K [0x0000000085e00000, 0x0000000088d80000, 0x00000000d7500000)
  object space 48640K, 40% used [0x0000000085e00000,0x0000000087112710,0x0000000088d80000)
 Metaspace       used 49781K, capacity 53294K, committed 53504K, reserved 1095680K
  class space    used 6809K, capacity 7418K, committed 7424K, reserved 1048576K
}

